[2025-05-14 10:27:27,336] INFO [Broker id=1] Transitioning 55 partition(s) to local leaders. (state.change.logger)
[2025-05-14 10:27:27,340] INFO [Broker id=1] Creating new partition __consumer_offsets-13 with topic id 2Mo59eVpQZSSNq2qAYysvw. (state.change.logger)
[2025-05-14 10:27:27,370] INFO [Broker id=1] Leader __consumer_offsets-13 with topic id Some(2Mo59eVpQZSSNq2qAYysvw) starts at leader epoch 22 from offset 0 with partition epoch 22, high watermark 0, ISR [1], adding replicas [] and removing replicas [] . Previous leader None and previous leader epoch was -1. (state.change.logger)
[2025-05-14 10:27:27,374] INFO [Broker id=1] Creating new partition __consumer_offsets-46 with topic id 2Mo59eVpQZSSNq2qAYysvw. (state.change.logger)
[2025-05-14 10:27:27,374] INFO [Broker id=1] Leader __consumer_offsets-46 with topic id Some(2Mo59eVpQZSSNq2qAYysvw) starts at leader epoch 22 from offset 0 with partition epoch 22, high watermark 0, ISR [1], adding replicas [] and removing replicas [] . Previous leader None and previous leader epoch was -1. (state.change.logger)
[2025-05-14 10:27:27,377] INFO [Broker id=1] Creating new partition Traffic-0 with topic id tevChrwyTdK3dx6P0OTdHA. (state.change.logger)
[2025-05-14 10:27:27,378] INFO [Broker id=1] Leader Traffic-0 with topic id Some(tevChrwyTdK3dx6P0OTdHA) starts at leader epoch 16 from offset 173 with partition epoch 16, high watermark 173, ISR [1], adding replicas [] and removing replicas [] . Previous leader None and previous leader epoch was -1. (state.change.logger)
[2025-05-14 10:27:27,379] INFO [Broker id=1] Creating new partition __consumer_offsets-9 with topic id 2Mo59eVpQZSSNq2qAYysvw. (state.change.logger)
[2025-05-14 10:27:27,380] INFO [Broker id=1] Leader __consumer_offsets-9 with topic id Some(2Mo59eVpQZSSNq2qAYysvw) starts at leader epoch 22 from offset 0 with partition epoch 22, high watermark 0, ISR [1], adding replicas [] and removing replicas [] . Previous leader None and previous leader epoch was -1. (state.change.logger)
[2025-05-14 10:27:27,382] INFO [Broker id=1] Creating new partition __consumer_offsets-42 with topic id 2Mo59eVpQZSSNq2qAYysvw. (state.change.logger)
[2025-05-14 10:27:27,382] INFO [Broker id=1] Leader __consumer_offsets-42 with topic id Some(2Mo59eVpQZSSNq2qAYysvw) starts at leader epoch 22 from offset 0 with partition epoch 22, high watermark 0, ISR [1], adding replicas [] and removing replicas [] . Previous leader None and previous leader epoch was -1. (state.change.logger)
[2025-05-14 10:27:27,385] INFO [Broker id=1] Creating new partition __consumer_offsets-21 with topic id 2Mo59eVpQZSSNq2qAYysvw. (state.change.logger)
[2025-05-14 10:27:27,385] INFO [Broker id=1] Leader __consumer_offsets-21 with topic id Some(2Mo59eVpQZSSNq2qAYysvw) starts at leader epoch 22 from offset 0 with partition epoch 22, high watermark 0, ISR [1], adding replicas [] and removing replicas [] . Previous leader None and previous leader epoch was -1. (state.change.logger)
[2025-05-14 10:27:27,387] INFO [Broker id=1] Creating new partition __consumer_offsets-17 with topic id 2Mo59eVpQZSSNq2qAYysvw. (state.change.logger)
[2025-05-14 10:27:27,388] INFO [Broker id=1] Leader __consumer_offsets-17 with topic id Some(2Mo59eVpQZSSNq2qAYysvw) starts at leader epoch 22 from offset 0 with partition epoch 22, high watermark 0, ISR [1], adding replicas [] and removing replicas [] . Previous leader None and previous leader epoch was -1. (state.change.logger)
[2025-05-14 10:27:27,389] INFO [Broker id=1] Creating new partition __consumer_offsets-30 with topic id 2Mo59eVpQZSSNq2qAYysvw. (state.change.logger)
[2025-05-14 10:27:27,390] INFO [Broker id=1] Leader __consumer_offsets-30 with topic id Some(2Mo59eVpQZSSNq2qAYysvw) starts at leader epoch 22 from offset 0 with partition epoch 22, high watermark 0, ISR [1], adding replicas [] and removing replicas [] . Previous leader None and previous leader epoch was -1. (state.change.logger)
[2025-05-14 10:27:27,392] INFO [Broker id=1] Creating new partition __consumer_offsets-26 with topic id 2Mo59eVpQZSSNq2qAYysvw. (state.change.logger)
[2025-05-14 10:27:27,392] INFO [Broker id=1] Leader __consumer_offsets-26 with topic id Some(2Mo59eVpQZSSNq2qAYysvw) starts at leader epoch 22 from offset 0 with partition epoch 22, high watermark 0, ISR [1], adding replicas [] and removing replicas [] . Previous leader None and previous leader epoch was -1. (state.change.logger)
[2025-05-14 10:27:27,394] INFO [Broker id=1] Creating new partition __consumer_offsets-5 with topic id 2Mo59eVpQZSSNq2qAYysvw. (state.change.logger)
[2025-05-14 10:27:27,395] INFO [Broker id=1] Leader __consumer_offsets-5 with topic id Some(2Mo59eVpQZSSNq2qAYysvw) starts at leader epoch 22 from offset 0 with partition epoch 22, high watermark 0, ISR [1], adding replicas [] and removing replicas [] . Previous leader None and previous leader epoch was -1. (state.change.logger)
[2025-05-14 10:27:27,396] INFO [Broker id=1] Creating new partition __consumer_offsets-38 with topic id 2Mo59eVpQZSSNq2qAYysvw. (state.change.logger)
[2025-05-14 10:27:27,397] INFO [Broker id=1] Leader __consumer_offsets-38 with topic id Some(2Mo59eVpQZSSNq2qAYysvw) starts at leader epoch 22 from offset 0 with partition epoch 22, high watermark 0, ISR [1], adding replicas [] and removing replicas [] . Previous leader None and previous leader epoch was -1. (state.change.logger)
[2025-05-14 10:27:27,399] INFO [Broker id=1] Creating new partition __consumer_offsets-1 with topic id 2Mo59eVpQZSSNq2qAYysvw. (state.change.logger)
[2025-05-14 10:27:27,399] INFO [Broker id=1] Leader __consumer_offsets-1 with topic id Some(2Mo59eVpQZSSNq2qAYysvw) starts at leader epoch 22 from offset 0 with partition epoch 22, high watermark 0, ISR [1], adding replicas [] and removing replicas [] . Previous leader None and previous leader epoch was -1. (state.change.logger)
[2025-05-14 10:27:27,400] INFO [Broker id=1] Creating new partition __consumer_offsets-34 with topic id 2Mo59eVpQZSSNq2qAYysvw. (state.change.logger)
[2025-05-14 10:27:27,401] INFO [Broker id=1] Leader __consumer_offsets-34 with topic id Some(2Mo59eVpQZSSNq2qAYysvw) starts at leader epoch 22 from offset 0 with partition epoch 22, high watermark 0, ISR [1], adding replicas [] and removing replicas [] . Previous leader None and previous leader epoch was -1. (state.change.logger)
[2025-05-14 10:27:27,403] INFO [Broker id=1] Creating new partition __consumer_offsets-16 with topic id 2Mo59eVpQZSSNq2qAYysvw. (state.change.logger)
[2025-05-14 10:27:27,403] INFO [Broker id=1] Leader __consumer_offsets-16 with topic id Some(2Mo59eVpQZSSNq2qAYysvw) starts at leader epoch 22 from offset 0 with partition epoch 22, high watermark 0, ISR [1], adding replicas [] and removing replicas [] . Previous leader None and previous leader epoch was -1. (state.change.logger)
[2025-05-14 10:27:27,405] INFO [Broker id=1] Creating new partition __consumer_offsets-45 with topic id 2Mo59eVpQZSSNq2qAYysvw. (state.change.logger)
[2025-05-14 10:27:27,405] INFO [Broker id=1] Leader __consumer_offsets-45 with topic id Some(2Mo59eVpQZSSNq2qAYysvw) starts at leader epoch 22 from offset 0 with partition epoch 22, high watermark 0, ISR [1], adding replicas [] and removing replicas [] . Previous leader None and previous leader epoch was -1. (state.change.logger)
[2025-05-14 10:27:27,407] INFO [Broker id=1] Creating new partition __consumer_offsets-12 with topic id 2Mo59eVpQZSSNq2qAYysvw. (state.change.logger)
[2025-05-14 10:27:27,408] INFO [Broker id=1] Leader __consumer_offsets-12 with topic id Some(2Mo59eVpQZSSNq2qAYysvw) starts at leader epoch 22 from offset 0 with partition epoch 22, high watermark 0, ISR [1], adding replicas [] and removing replicas [] . Previous leader None and previous leader epoch was -1. (state.change.logger)
[2025-05-14 10:27:27,409] INFO [Broker id=1] Creating new partition __consumer_offsets-41 with topic id 2Mo59eVpQZSSNq2qAYysvw. (state.change.logger)
[2025-05-14 10:27:27,410] INFO [Broker id=1] Leader __consumer_offsets-41 with topic id Some(2Mo59eVpQZSSNq2qAYysvw) starts at leader epoch 22 from offset 0 with partition epoch 22, high watermark 0, ISR [1], adding replicas [] and removing replicas [] . Previous leader None and previous leader epoch was -1. (state.change.logger)
[2025-05-14 10:27:27,411] INFO [Broker id=1] Creating new partition __consumer_offsets-24 with topic id 2Mo59eVpQZSSNq2qAYysvw. (state.change.logger)
[2025-05-14 10:27:27,412] INFO [Broker id=1] Leader __consumer_offsets-24 with topic id Some(2Mo59eVpQZSSNq2qAYysvw) starts at leader epoch 22 from offset 0 with partition epoch 22, high watermark 0, ISR [1], adding replicas [] and removing replicas [] . Previous leader None and previous leader epoch was -1. (state.change.logger)
[2025-05-14 10:27:27,414] INFO [Broker id=1] Creating new partition SendMessageTopic-0 with topic id O0Hxq6pcRySaZ1quShXGuw. (state.change.logger)
[2025-05-14 10:27:27,414] INFO [Broker id=1] Leader SendMessageTopic-0 with topic id Some(O0Hxq6pcRySaZ1quShXGuw) starts at leader epoch 4 from offset 46 with partition epoch 4, high watermark 46, ISR [1], adding replicas [] and removing replicas [] . Previous leader None and previous leader epoch was -1. (state.change.logger)
[2025-05-14 10:27:27,414] INFO [Broker id=1] Creating new partition __consumer_offsets-20 with topic id 2Mo59eVpQZSSNq2qAYysvw. (state.change.logger)
[2025-05-14 10:27:27,415] INFO [Broker id=1] Leader __consumer_offsets-20 with topic id Some(2Mo59eVpQZSSNq2qAYysvw) starts at leader epoch 22 from offset 0 with partition epoch 22, high watermark 0, ISR [1], adding replicas [] and removing replicas [] . Previous leader None and previous leader epoch was -1. (state.change.logger)
[2025-05-14 10:27:27,416] INFO [Broker id=1] Creating new partition __consumer_offsets-49 with topic id 2Mo59eVpQZSSNq2qAYysvw. (state.change.logger)
[2025-05-14 10:27:27,417] INFO [Broker id=1] Leader __consumer_offsets-49 with topic id Some(2Mo59eVpQZSSNq2qAYysvw) starts at leader epoch 22 from offset 0 with partition epoch 22, high watermark 0, ISR [1], adding replicas [] and removing replicas [] . Previous leader None and previous leader epoch was -1. (state.change.logger)
[2025-05-14 10:27:27,418] INFO [Broker id=1] Creating new partition __consumer_offsets-0 with topic id 2Mo59eVpQZSSNq2qAYysvw. (state.change.logger)
[2025-05-14 10:27:27,419] INFO [Broker id=1] Leader __consumer_offsets-0 with topic id Some(2Mo59eVpQZSSNq2qAYysvw) starts at leader epoch 22 from offset 0 with partition epoch 22, high watermark 0, ISR [1], adding replicas [] and removing replicas [] . Previous leader None and previous leader epoch was -1. (state.change.logger)
[2025-05-14 10:27:27,421] INFO [Broker id=1] Creating new partition test1-0 with topic id w171ofaoSDqtck_dgSLbRw. (state.change.logger)
[2025-05-14 10:27:27,421] INFO [Broker id=1] Leader test1-0 with topic id Some(w171ofaoSDqtck_dgSLbRw) starts at leader epoch 22 from offset 8 with partition epoch 22, high watermark 8, ISR [1], adding replicas [] and removing replicas [] . Previous leader None and previous leader epoch was -1. (state.change.logger)
[2025-05-14 10:27:27,423] INFO [Broker id=1] Creating new partition __consumer_offsets-29 with topic id 2Mo59eVpQZSSNq2qAYysvw. (state.change.logger)
[2025-05-14 10:27:27,424] INFO [Broker id=1] Leader __consumer_offsets-29 with topic id Some(2Mo59eVpQZSSNq2qAYysvw) starts at leader epoch 22 from offset 0 with partition epoch 22, high watermark 0, ISR [1], adding replicas [] and removing replicas [] . Previous leader None and previous leader epoch was -1. (state.change.logger)
[2025-05-14 10:27:27,425] INFO [Broker id=1] Creating new partition __consumer_offsets-25 with topic id 2Mo59eVpQZSSNq2qAYysvw. (state.change.logger)
[2025-05-14 10:27:27,426] INFO [Broker id=1] Leader __consumer_offsets-25 with topic id Some(2Mo59eVpQZSSNq2qAYysvw) starts at leader epoch 22 from offset 0 with partition epoch 22, high watermark 0, ISR [1], adding replicas [] and removing replicas [] . Previous leader None and previous leader epoch was -1. (state.change.logger)
[2025-05-14 10:27:27,427] INFO [Broker id=1] Creating new partition __consumer_offsets-8 with topic id 2Mo59eVpQZSSNq2qAYysvw. (state.change.logger)
[2025-05-14 10:27:27,428] INFO [Broker id=1] Leader __consumer_offsets-8 with topic id Some(2Mo59eVpQZSSNq2qAYysvw) starts at leader epoch 22 from offset 0 with partition epoch 22, high watermark 0, ISR [1], adding replicas [] and removing replicas [] . Previous leader None and previous leader epoch was -1. (state.change.logger)
[2025-05-14 10:27:27,430] INFO [Broker id=1] Creating new partition __consumer_offsets-37 with topic id 2Mo59eVpQZSSNq2qAYysvw. (state.change.logger)
[2025-05-14 10:27:27,430] INFO [Broker id=1] Leader __consumer_offsets-37 with topic id Some(2Mo59eVpQZSSNq2qAYysvw) starts at leader epoch 22 from offset 0 with partition epoch 22, high watermark 0, ISR [1], adding replicas [] and removing replicas [] . Previous leader None and previous leader epoch was -1. (state.change.logger)
[2025-05-14 10:27:27,432] INFO [Broker id=1] Creating new partition __consumer_offsets-4 with topic id 2Mo59eVpQZSSNq2qAYysvw. (state.change.logger)
[2025-05-14 10:27:27,433] INFO [Broker id=1] Leader __consumer_offsets-4 with topic id Some(2Mo59eVpQZSSNq2qAYysvw) starts at leader epoch 22 from offset 0 with partition epoch 22, high watermark 0, ISR [1], adding replicas [] and removing replicas [] . Previous leader None and previous leader epoch was -1. (state.change.logger)
[2025-05-14 10:27:27,435] INFO [Broker id=1] Creating new partition __consumer_offsets-33 with topic id 2Mo59eVpQZSSNq2qAYysvw. (state.change.logger)
[2025-05-14 10:27:27,436] INFO [Broker id=1] Leader __consumer_offsets-33 with topic id Some(2Mo59eVpQZSSNq2qAYysvw) starts at leader epoch 22 from offset 0 with partition epoch 22, high watermark 0, ISR [1], adding replicas [] and removing replicas [] . Previous leader None and previous leader epoch was -1. (state.change.logger)
[2025-05-14 10:27:27,438] INFO [Broker id=1] Creating new partition __consumer_offsets-15 with topic id 2Mo59eVpQZSSNq2qAYysvw. (state.change.logger)
[2025-05-14 10:27:27,438] INFO [Broker id=1] Leader __consumer_offsets-15 with topic id Some(2Mo59eVpQZSSNq2qAYysvw) starts at leader epoch 22 from offset 0 with partition epoch 22, high watermark 0, ISR [1], adding replicas [] and removing replicas [] . Previous leader None and previous leader epoch was -1. (state.change.logger)
[2025-05-14 10:27:27,440] INFO [Broker id=1] Creating new partition __consumer_offsets-48 with topic id 2Mo59eVpQZSSNq2qAYysvw. (state.change.logger)
[2025-05-14 10:27:27,441] INFO [Broker id=1] Leader __consumer_offsets-48 with topic id Some(2Mo59eVpQZSSNq2qAYysvw) starts at leader epoch 22 from offset 0 with partition epoch 22, high watermark 0, ISR [1], adding replicas [] and removing replicas [] . Previous leader None and previous leader epoch was -1. (state.change.logger)
[2025-05-14 10:27:27,443] INFO [Broker id=1] Creating new partition __consumer_offsets-11 with topic id 2Mo59eVpQZSSNq2qAYysvw. (state.change.logger)
[2025-05-14 10:27:27,444] INFO [Broker id=1] Leader __consumer_offsets-11 with topic id Some(2Mo59eVpQZSSNq2qAYysvw) starts at leader epoch 22 from offset 0 with partition epoch 22, high watermark 0, ISR [1], adding replicas [] and removing replicas [] . Previous leader None and previous leader epoch was -1. (state.change.logger)
[2025-05-14 10:27:27,445] INFO [Broker id=1] Creating new partition __consumer_offsets-44 with topic id 2Mo59eVpQZSSNq2qAYysvw. (state.change.logger)
[2025-05-14 10:27:27,446] INFO [Broker id=1] Leader __consumer_offsets-44 with topic id Some(2Mo59eVpQZSSNq2qAYysvw) starts at leader epoch 22 from offset 0 with partition epoch 22, high watermark 0, ISR [1], adding replicas [] and removing replicas [] . Previous leader None and previous leader epoch was -1. (state.change.logger)
[2025-05-14 10:27:27,448] INFO [Broker id=1] Creating new partition __consumer_offsets-23 with topic id 2Mo59eVpQZSSNq2qAYysvw. (state.change.logger)
[2025-05-14 10:27:27,448] INFO [Broker id=1] Leader __consumer_offsets-23 with topic id Some(2Mo59eVpQZSSNq2qAYysvw) starts at leader epoch 22 from offset 0 with partition epoch 22, high watermark 0, ISR [1], adding replicas [] and removing replicas [] . Previous leader None and previous leader epoch was -1. (state.change.logger)
[2025-05-14 10:27:27,449] INFO [Broker id=1] Creating new partition UserSignupTopic-0 with topic id r3hADnbYRXGODynwnMbLVw. (state.change.logger)
[2025-05-14 10:27:27,450] INFO [Broker id=1] Leader UserSignupTopic-0 with topic id Some(r3hADnbYRXGODynwnMbLVw) starts at leader epoch 12 from offset 14 with partition epoch 12, high watermark 14, ISR [1], adding replicas [] and removing replicas [] . Previous leader None and previous leader epoch was -1. (state.change.logger)
[2025-05-14 10:27:27,452] INFO [Broker id=1] Creating new partition __consumer_offsets-19 with topic id 2Mo59eVpQZSSNq2qAYysvw. (state.change.logger)
[2025-05-14 10:27:27,452] INFO [Broker id=1] Leader __consumer_offsets-19 with topic id Some(2Mo59eVpQZSSNq2qAYysvw) starts at leader epoch 22 from offset 0 with partition epoch 22, high watermark 0, ISR [1], adding replicas [] and removing replicas [] . Previous leader None and previous leader epoch was -1. (state.change.logger)
[2025-05-14 10:27:27,454] INFO [Broker id=1] Creating new partition __consumer_offsets-32 with topic id 2Mo59eVpQZSSNq2qAYysvw. (state.change.logger)
[2025-05-14 10:27:27,455] INFO [Broker id=1] Leader __consumer_offsets-32 with topic id Some(2Mo59eVpQZSSNq2qAYysvw) starts at leader epoch 22 from offset 0 with partition epoch 22, high watermark 0, ISR [1], adding replicas [] and removing replicas [] . Previous leader None and previous leader epoch was -1. (state.change.logger)
[2025-05-14 10:27:27,456] INFO [Broker id=1] Creating new partition __consumer_offsets-28 with topic id 2Mo59eVpQZSSNq2qAYysvw. (state.change.logger)
[2025-05-14 10:27:27,457] INFO [Broker id=1] Leader __consumer_offsets-28 with topic id Some(2Mo59eVpQZSSNq2qAYysvw) starts at leader epoch 22 from offset 0 with partition epoch 22, high watermark 0, ISR [1], adding replicas [] and removing replicas [] . Previous leader None and previous leader epoch was -1. (state.change.logger)
[2025-05-14 10:27:27,458] INFO [Broker id=1] Creating new partition __consumer_offsets-7 with topic id 2Mo59eVpQZSSNq2qAYysvw. (state.change.logger)
[2025-05-14 10:27:27,459] INFO [Broker id=1] Leader __consumer_offsets-7 with topic id Some(2Mo59eVpQZSSNq2qAYysvw) starts at leader epoch 22 from offset 7 with partition epoch 22, high watermark 7, ISR [1], adding replicas [] and removing replicas [] . Previous leader None and previous leader epoch was -1. (state.change.logger)
[2025-05-14 10:27:27,461] INFO [Broker id=1] Creating new partition __consumer_offsets-40 with topic id 2Mo59eVpQZSSNq2qAYysvw. (state.change.logger)
[2025-05-14 10:27:27,461] INFO [Broker id=1] Leader __consumer_offsets-40 with topic id Some(2Mo59eVpQZSSNq2qAYysvw) starts at leader epoch 22 from offset 0 with partition epoch 22, high watermark 0, ISR [1], adding replicas [] and removing replicas [] . Previous leader None and previous leader epoch was -1. (state.change.logger)
[2025-05-14 10:27:27,463] INFO [Broker id=1] Creating new partition __consumer_offsets-3 with topic id 2Mo59eVpQZSSNq2qAYysvw. (state.change.logger)
[2025-05-14 10:27:27,463] INFO [Broker id=1] Leader __consumer_offsets-3 with topic id Some(2Mo59eVpQZSSNq2qAYysvw) starts at leader epoch 22 from offset 0 with partition epoch 22, high watermark 0, ISR [1], adding replicas [] and removing replicas [] . Previous leader None and previous leader epoch was -1. (state.change.logger)
[2025-05-14 10:27:27,465] INFO [Broker id=1] Creating new partition __consumer_offsets-36 with topic id 2Mo59eVpQZSSNq2qAYysvw. (state.change.logger)
[2025-05-14 10:27:27,465] INFO [Broker id=1] Leader __consumer_offsets-36 with topic id Some(2Mo59eVpQZSSNq2qAYysvw) starts at leader epoch 22 from offset 3 with partition epoch 22, high watermark 3, ISR [1], adding replicas [] and removing replicas [] . Previous leader None and previous leader epoch was -1. (state.change.logger)
[2025-05-14 10:27:27,467] INFO [Broker id=1] Creating new partition __consumer_offsets-47 with topic id 2Mo59eVpQZSSNq2qAYysvw. (state.change.logger)
[2025-05-14 10:27:27,468] INFO [Broker id=1] Leader __consumer_offsets-47 with topic id Some(2Mo59eVpQZSSNq2qAYysvw) starts at leader epoch 22 from offset 0 with partition epoch 22, high watermark 0, ISR [1], adding replicas [] and removing replicas [] . Previous leader None and previous leader epoch was -1. (state.change.logger)
[2025-05-14 10:27:27,469] INFO [Broker id=1] Creating new partition __consumer_offsets-14 with topic id 2Mo59eVpQZSSNq2qAYysvw. (state.change.logger)
[2025-05-14 10:27:27,470] INFO [Broker id=1] Leader __consumer_offsets-14 with topic id Some(2Mo59eVpQZSSNq2qAYysvw) starts at leader epoch 22 from offset 0 with partition epoch 22, high watermark 0, ISR [1], adding replicas [] and removing replicas [] . Previous leader None and previous leader epoch was -1. (state.change.logger)
[2025-05-14 10:27:27,472] INFO [Broker id=1] Creating new partition __consumer_offsets-43 with topic id 2Mo59eVpQZSSNq2qAYysvw. (state.change.logger)
[2025-05-14 10:27:27,472] INFO [Broker id=1] Leader __consumer_offsets-43 with topic id Some(2Mo59eVpQZSSNq2qAYysvw) starts at leader epoch 22 from offset 0 with partition epoch 22, high watermark 0, ISR [1], adding replicas [] and removing replicas [] . Previous leader None and previous leader epoch was -1. (state.change.logger)
[2025-05-14 10:27:27,474] INFO [Broker id=1] Creating new partition __consumer_offsets-10 with topic id 2Mo59eVpQZSSNq2qAYysvw. (state.change.logger)
[2025-05-14 10:27:27,474] INFO [Broker id=1] Leader __consumer_offsets-10 with topic id Some(2Mo59eVpQZSSNq2qAYysvw) starts at leader epoch 22 from offset 0 with partition epoch 22, high watermark 0, ISR [1], adding replicas [] and removing replicas [] . Previous leader None and previous leader epoch was -1. (state.change.logger)
[2025-05-14 10:27:27,476] INFO [Broker id=1] Creating new partition __consumer_offsets-22 with topic id 2Mo59eVpQZSSNq2qAYysvw. (state.change.logger)
[2025-05-14 10:27:27,477] INFO [Broker id=1] Leader __consumer_offsets-22 with topic id Some(2Mo59eVpQZSSNq2qAYysvw) starts at leader epoch 22 from offset 0 with partition epoch 22, high watermark 0, ISR [1], adding replicas [] and removing replicas [] . Previous leader None and previous leader epoch was -1. (state.change.logger)
[2025-05-14 10:27:27,478] INFO [Broker id=1] Creating new partition __consumer_offsets-18 with topic id 2Mo59eVpQZSSNq2qAYysvw. (state.change.logger)
[2025-05-14 10:27:27,479] INFO [Broker id=1] Leader __consumer_offsets-18 with topic id Some(2Mo59eVpQZSSNq2qAYysvw) starts at leader epoch 22 from offset 0 with partition epoch 22, high watermark 0, ISR [1], adding replicas [] and removing replicas [] . Previous leader None and previous leader epoch was -1. (state.change.logger)
[2025-05-14 10:27:27,481] INFO [Broker id=1] Creating new partition __consumer_offsets-31 with topic id 2Mo59eVpQZSSNq2qAYysvw. (state.change.logger)
[2025-05-14 10:27:27,481] INFO [Broker id=1] Leader __consumer_offsets-31 with topic id Some(2Mo59eVpQZSSNq2qAYysvw) starts at leader epoch 22 from offset 0 with partition epoch 22, high watermark 0, ISR [1], adding replicas [] and removing replicas [] . Previous leader None and previous leader epoch was -1. (state.change.logger)
[2025-05-14 10:27:27,483] INFO [Broker id=1] Creating new partition __consumer_offsets-27 with topic id 2Mo59eVpQZSSNq2qAYysvw. (state.change.logger)
[2025-05-14 10:27:27,483] INFO [Broker id=1] Leader __consumer_offsets-27 with topic id Some(2Mo59eVpQZSSNq2qAYysvw) starts at leader epoch 22 from offset 0 with partition epoch 22, high watermark 0, ISR [1], adding replicas [] and removing replicas [] . Previous leader None and previous leader epoch was -1. (state.change.logger)
[2025-05-14 10:27:27,485] INFO [Broker id=1] Creating new partition __consumer_offsets-39 with topic id 2Mo59eVpQZSSNq2qAYysvw. (state.change.logger)
[2025-05-14 10:27:27,485] INFO [Broker id=1] Leader __consumer_offsets-39 with topic id Some(2Mo59eVpQZSSNq2qAYysvw) starts at leader epoch 22 from offset 0 with partition epoch 22, high watermark 0, ISR [1], adding replicas [] and removing replicas [] . Previous leader None and previous leader epoch was -1. (state.change.logger)
[2025-05-14 10:27:27,487] INFO [Broker id=1] Creating new partition __consumer_offsets-6 with topic id 2Mo59eVpQZSSNq2qAYysvw. (state.change.logger)
[2025-05-14 10:27:27,488] INFO [Broker id=1] Leader __consumer_offsets-6 with topic id Some(2Mo59eVpQZSSNq2qAYysvw) starts at leader epoch 22 from offset 0 with partition epoch 22, high watermark 0, ISR [1], adding replicas [] and removing replicas [] . Previous leader None and previous leader epoch was -1. (state.change.logger)
[2025-05-14 10:27:27,489] INFO [Broker id=1] Creating new partition __consumer_offsets-35 with topic id 2Mo59eVpQZSSNq2qAYysvw. (state.change.logger)
[2025-05-14 10:27:27,490] INFO [Broker id=1] Leader __consumer_offsets-35 with topic id Some(2Mo59eVpQZSSNq2qAYysvw) starts at leader epoch 22 from offset 0 with partition epoch 22, high watermark 0, ISR [1], adding replicas [] and removing replicas [] . Previous leader None and previous leader epoch was -1. (state.change.logger)
[2025-05-14 10:27:27,492] INFO [Broker id=1] Creating new partition JoinServerTopic-0 with topic id T7DKdKFfQsqAbkHHTKtILg. (state.change.logger)
[2025-05-14 10:27:27,492] INFO [Broker id=1] Leader JoinServerTopic-0 with topic id Some(T7DKdKFfQsqAbkHHTKtILg) starts at leader epoch 6 from offset 49 with partition epoch 6, high watermark 49, ISR [1], adding replicas [] and removing replicas [] . Previous leader None and previous leader epoch was -1. (state.change.logger)
[2025-05-14 10:27:27,494] INFO [Broker id=1] Creating new partition __consumer_offsets-2 with topic id 2Mo59eVpQZSSNq2qAYysvw. (state.change.logger)
[2025-05-14 10:27:27,494] INFO [Broker id=1] Leader __consumer_offsets-2 with topic id Some(2Mo59eVpQZSSNq2qAYysvw) starts at leader epoch 22 from offset 0 with partition epoch 22, high watermark 0, ISR [1], adding replicas [] and removing replicas [] . Previous leader None and previous leader epoch was -1. (state.change.logger)
